<?xml version="1.0" encoding="UTF-8"?>
<!-- Generated by org.testng.reporters.JUnitXMLReporter -->
<testsuite hostname="rodrigo-Satellite-P875" ignored="0" name="pumaShoesFiltering" tests="1" failures="1" timestamp="22 ene 2019 22:04:11 GMT" time="0.763" errors="0">
  <testcase name="@AfterTest closeBrowser" time="0.0" classname="automationExam.tests.EbayTest">
    <failure type="java.lang.NullPointerException">
      <![CDATA[java.lang.NullPointerException
	at automationExam.tests.EbayTest.closeBrowser(EbayTest.java:103)
... Removed 26 stack frames]]>
    </failure>
  </testcase> <!-- @AfterTest closeBrowser -->
  <testcase name="pumaShoesFiltering" time="0.0" classname="automationExam.tests.EbayTest">
    <failure type="java.lang.NullPointerException">
      <![CDATA[java.lang.NullPointerException
	at automationExam.tests.EbayTest.pumaShoesFiltering(EbayTest.java:69)
... Removed 28 stack frames]]>
    </failure>
  </testcase> <!-- pumaShoesFiltering -->
</testsuite> <!-- pumaShoesFiltering -->
