<?xml version="1.0" encoding="UTF-8"?>
<!-- Generated by org.testng.reporters.JUnitXMLReporter -->
<testsuite hostname="rodrigo-Satellite-P875" ignored="0" name="Default test" tests="1" failures="1" timestamp="22 ene 2019 17:10:02 GMT" time="32.342" errors="0">
  <testcase name="pumaShoesFiltering" time="19.716" classname="automationExam.tests.EbayTest">
    <failure type="java.lang.Error" message="Unresolved compilation problems: 
	The method comparing(Function&amp;lt;? super T,? extends U&amp;gt;) in the type Comparator is not applicable for the arguments (EbayResultObject::getName)
	Method references are allowed only at source level 1.8 or above
	The type EbayResultObject does not define getName(T) that is applicable here
">
      <![CDATA[java.lang.Error: Unresolved compilation problems: 
	The method comparing(Function<? super T,? extends U>) in the type Comparator is not applicable for the arguments (EbayResultObject::getName)
	Method references are allowed only at source level 1.8 or above
	The type EbayResultObject does not define getName(T) that is applicable here

	at automationExam.utils.EbayTestHelper.orderResultsByNameAsc(EbayTestHelper.java:38)
	at automationExam.tests.EbayTest.pumaShoesFiltering(EbayTest.java:82)
	at sun.reflect.NativeMethodAccessorImpl.invoke0(Native Method)
	at sun.reflect.NativeMethodAccessorImpl.invoke(NativeMethodAccessorImpl.java:62)
	at sun.reflect.DelegatingMethodAccessorImpl.invoke(DelegatingMethodAccessorImpl.java:43)
	at java.lang.reflect.Method.invoke(Method.java:498)
	at org.testng.internal.MethodInvocationHelper.invokeMethod(MethodInvocationHelper.java:108)
	at org.testng.internal.Invoker.invokeMethod(Invoker.java:661)
	at org.testng.internal.Invoker.invokeTestMethod(Invoker.java:869)
	at org.testng.internal.Invoker.invokeTestMethods(Invoker.java:1193)
	at org.testng.internal.TestMethodWorker.invokeTestMethods(TestMethodWorker.java:126)
	at org.testng.internal.TestMethodWorker.run(TestMethodWorker.java:109)
	at org.testng.TestRunner.privateRun(TestRunner.java:744)
	at org.testng.TestRunner.run(TestRunner.java:602)
	at org.testng.SuiteRunner.runTest(SuiteRunner.java:380)
	at org.testng.SuiteRunner.runSequentially(SuiteRunner.java:375)
	at org.testng.SuiteRunner.privateRun(SuiteRunner.java:340)
	at org.testng.SuiteRunner.run(SuiteRunner.java:289)
	at org.testng.SuiteRunnerWorker.runSuite(SuiteRunnerWorker.java:52)
	at org.testng.SuiteRunnerWorker.run(SuiteRunnerWorker.java:86)
	at org.testng.TestNG.runSuitesSequentially(TestNG.java:1301)
	at org.testng.TestNG.runSuitesLocally(TestNG.java:1226)
	at org.testng.TestNG.runSuites(TestNG.java:1144)
	at org.testng.TestNG.run(TestNG.java:1115)
	at org.testng.remote.AbstractRemoteTestNG.run(AbstractRemoteTestNG.java:114)
	at org.testng.remote.RemoteTestNG.initAndRun(RemoteTestNG.java:251)
	at org.testng.remote.RemoteTestNG.main(RemoteTestNG.java:77)
]]>
    </failure>
  </testcase> <!-- pumaShoesFiltering -->
</testsuite> <!-- Default test -->
