<?xml version="1.0" encoding="UTF-8"?>
<testsuite xmlns:xsi="http://www.w3.org/2001/XMLSchema-instance" xsi:schemaLocation="https://maven.apache.org/surefire/maven-surefire-plugin/xsd/surefire-test-report.xsd" name="TestSuite" time="0.98" tests="2" errors="0" skipped="0" failures="2">
  <properties>
[...]
</properties>
  <testcase name="pumaShoesFiltering" classname="automationExam.tests.EbayTest" time="0.005">
    <failure type="java.lang.NullPointerException">java.lang.NullPointerException
	at automationExam.tests.EbayTest.pumaShoesFiltering(EbayTest.java:69)
</failure>
    <system-out><![CDATA[Exception: unknown error: Chrome failed to start: exited abnormally
  (unknown error: DevToolsActivePort file doesn't exist)
  (The process started from chrome location /usr/bin/google-chrome is no longer running, so ChromeDriver is assuming that Chrome has crashed.)
  (Driver info: chromedriver=72.0.3626.7 (efcef9a3ecda02b2132af215116a03852d08b9cb),platform=Linux 4.15.0-43-generic x86_64) (WARNING: The server did not provide any stacktrace information)
Command duration or timeout: 172 milliseconds
Build info: version: '3.141.59', revision: 'e82be7d358', time: '2018-11-14T08:17:03'
System info: host: 'rodrigo-Satellite-P875', ip: '127.0.1.1', os.name: 'Linux', os.arch: 'amd64', os.version: '4.15.0-43-generic', java.version: '1.8.0_201'
Driver info: driver.version: ChromeDriver
]]></system-out>
    <system-err><![CDATA[Starting ChromeDriver 72.0.3626.7 (efcef9a3ecda02b2132af215116a03852d08b9cb) on port 5528
Only local connections are allowed.
]]></system-err>
  </testcase>
  <testcase name="closeBrowser" classname="automationExam.tests.EbayTest" time="0.006">
    <failure type="java.lang.NullPointerException">java.lang.NullPointerException
	at automationExam.tests.EbayTest.closeBrowser(EbayTest.java:103)
</failure>
  </testcase>
</testsuite>