<?xml version="1.0" encoding="UTF-8"?>
<testng-results skipped="0" failed="0" ignored="0" total="1" passed="1">
  <reporter-output>
    <line>
      <![CDATA[Number of results obtained: 90,026]]>
    </line>
    <line>
      <![CDATA[
****************************************************************]]>
    </line>
    <line>
      <![CDATA[          Results obtained - Order: ASC by total price]]>
    </line>
    <line>
      <![CDATA[****************************************************************]]>
    </line>
    <line>
      <![CDATA[Name: mens puma trainers size 7 new]]>
    </line>
    <line>
      <![CDATA[Price: 337.48]]>
    </line>
    <line>
      <![CDATA[Shipping: 337.48]]>
    </line>
    <line>
      <![CDATA[****************************************************************]]>
    </line>
    <line>
      <![CDATA[Name: Puma Aqua Cat II Mens Slider Sliders Red White Flip Flops 102322 04 U83]]>
    </line>
    <line>
      <![CDATA[Price: 249.99]]>
    </line>
    <line>
      <![CDATA[Shipping: 429.07]]>
    </line>
    <line>
      <![CDATA[****************************************************************]]>
    </line>
    <line>
      <![CDATA[Name: PUMA SPEED 500 IGNITE 3 MENS TRAINERS BLACK UK7-BRAND NEW IN BOX]]>
    </line>
    <line>
      <![CDATA[Price: 92.81]]>
    </line>
    <line>
      <![CDATA[Shipping: 590.17]]>
    </line>
    <line>
      <![CDATA[****************************************************************]]>
    </line>
    <line>
      <![CDATA[Name: Puma Purecat Slide Sandals Flip Flops Sports Adults Unisex Beach Navy White]]>
    </line>
    <line>
      <![CDATA[Price: 455.18]]>
    </line>
    <line>
      <![CDATA[Shipping: 251.0]]>
    </line>
    <line>
      <![CDATA[****************************************************************]]>
    </line>
    <line>
      <![CDATA[Name: Puma Basic Flip Czech Republic Bath Amazing Effect Size 37 - 40 CZ Toe Separators Casual Shoes]]>
    </line>
    <line>
      <![CDATA[Price: 371.5]]>
    </line>
    <line>
      <![CDATA[Shipping: 368.15]]>
    </line>
    <line>
      <![CDATA[****************************************************************]]>
    </line>
    <line>
      <![CDATA[
]]>
    </line>
    <line>
      <![CDATA[
****************************************************************]]>
    </line>
    <line>
      <![CDATA[          Results obtained - Order: ASC by name]]>
    </line>
    <line>
      <![CDATA[****************************************************************]]>
    </line>
    <line>
      <![CDATA[Name: PUMA SPEED 500 IGNITE 3 MENS TRAINERS BLACK UK7-BRAND NEW IN BOX]]>
    </line>
    <line>
      <![CDATA[Price: 92.81]]>
    </line>
    <line>
      <![CDATA[Shipping: 590.17]]>
    </line>
    <line>
      <![CDATA[****************************************************************]]>
    </line>
    <line>
      <![CDATA[Name: Puma Aqua Cat II Mens Slider Sliders Red White Flip Flops 102322 04 U83]]>
    </line>
    <line>
      <![CDATA[Price: 249.99]]>
    </line>
    <line>
      <![CDATA[Shipping: 429.07]]>
    </line>
    <line>
      <![CDATA[****************************************************************]]>
    </line>
    <line>
      <![CDATA[Name: Puma Basic Flip Czech Republic Bath Amazing Effect Size 37 - 40 CZ Toe Separators Casual Shoes]]>
    </line>
    <line>
      <![CDATA[Price: 371.5]]>
    </line>
    <line>
      <![CDATA[Shipping: 368.15]]>
    </line>
    <line>
      <![CDATA[****************************************************************]]>
    </line>
    <line>
      <![CDATA[Name: Puma Purecat Slide Sandals Flip Flops Sports Adults Unisex Beach Navy White]]>
    </line>
    <line>
      <![CDATA[Price: 455.18]]>
    </line>
    <line>
      <![CDATA[Shipping: 251.0]]>
    </line>
    <line>
      <![CDATA[****************************************************************]]>
    </line>
    <line>
      <![CDATA[Name: mens puma trainers size 7 new]]>
    </line>
    <line>
      <![CDATA[Price: 337.48]]>
    </line>
    <line>
      <![CDATA[Shipping: 337.48]]>
    </line>
    <line>
      <![CDATA[****************************************************************]]>
    </line>
    <line>
      <![CDATA[
]]>
    </line>
    <line>
      <![CDATA[
****************************************************************]]>
    </line>
    <line>
      <![CDATA[          Results obtained - Order: DSC by total price]]>
    </line>
    <line>
      <![CDATA[****************************************************************]]>
    </line>
    <line>
      <![CDATA[Name: Puma Basic Flip Czech Republic Bath Amazing Effect Size 37 - 40 CZ Toe Separators Casual Shoes]]>
    </line>
    <line>
      <![CDATA[Price: 371.5]]>
    </line>
    <line>
      <![CDATA[Shipping: 368.15]]>
    </line>
    <line>
      <![CDATA[****************************************************************]]>
    </line>
    <line>
      <![CDATA[Name: Puma Purecat Slide Sandals Flip Flops Sports Adults Unisex Beach Navy White]]>
    </line>
    <line>
      <![CDATA[Price: 455.18]]>
    </line>
    <line>
      <![CDATA[Shipping: 251.0]]>
    </line>
    <line>
      <![CDATA[****************************************************************]]>
    </line>
    <line>
      <![CDATA[Name: PUMA SPEED 500 IGNITE 3 MENS TRAINERS BLACK UK7-BRAND NEW IN BOX]]>
    </line>
    <line>
      <![CDATA[Price: 92.81]]>
    </line>
    <line>
      <![CDATA[Shipping: 590.17]]>
    </line>
    <line>
      <![CDATA[****************************************************************]]>
    </line>
    <line>
      <![CDATA[Name: Puma Aqua Cat II Mens Slider Sliders Red White Flip Flops 102322 04 U83]]>
    </line>
    <line>
      <![CDATA[Price: 249.99]]>
    </line>
    <line>
      <![CDATA[Shipping: 429.07]]>
    </line>
    <line>
      <![CDATA[****************************************************************]]>
    </line>
    <line>
      <![CDATA[Name: mens puma trainers size 7 new]]>
    </line>
    <line>
      <![CDATA[Price: 337.48]]>
    </line>
    <line>
      <![CDATA[Shipping: 337.48]]>
    </line>
    <line>
      <![CDATA[****************************************************************]]>
    </line>
    <line>
      <![CDATA[
]]>
    </line>
  </reporter-output>
  <suite name="Default suite" duration-ms="64362" started-at="2019-01-18T10:43:00Z" finished-at="2019-01-18T10:44:05Z">
    <groups>
    </groups>
    <test name="Default test" duration-ms="64362" started-at="2019-01-18T10:43:00Z" finished-at="2019-01-18T10:44:05Z">
      <class name="automationExam.tests.EbayTest">
        <test-method status="PASS" signature="setUp()[pri:0, instance:automationExam.tests.EbayTest@353d0772]" name="setUp" is-config="true" duration-ms="5672" started-at="2019-01-18T07:43:00Z" finished-at="2019-01-18T07:43:06Z">
          <reporter-output>
          </reporter-output>
        </test-method> <!-- setUp -->
        <test-method status="PASS" signature="pumaShoesFiltering()[pri:0, instance:automationExam.tests.EbayTest@353d0772]" name="pumaShoesFiltering" duration-ms="16730" started-at="2019-01-18T07:43:06Z" finished-at="2019-01-18T07:43:23Z">
          <reporter-output>
            <line>
              <![CDATA[Number of results obtained: 90,026]]>
            </line>
            <line>
              <![CDATA[
****************************************************************]]>
            </line>
            <line>
              <![CDATA[          Results obtained - Order: ASC by total price]]>
            </line>
            <line>
              <![CDATA[****************************************************************]]>
            </line>
            <line>
              <![CDATA[Name: mens puma trainers size 7 new]]>
            </line>
            <line>
              <![CDATA[Price: 337.48]]>
            </line>
            <line>
              <![CDATA[Shipping: 337.48]]>
            </line>
            <line>
              <![CDATA[****************************************************************]]>
            </line>
            <line>
              <![CDATA[Name: Puma Aqua Cat II Mens Slider Sliders Red White Flip Flops 102322 04 U83]]>
            </line>
            <line>
              <![CDATA[Price: 249.99]]>
            </line>
            <line>
              <![CDATA[Shipping: 429.07]]>
            </line>
            <line>
              <![CDATA[****************************************************************]]>
            </line>
            <line>
              <![CDATA[Name: PUMA SPEED 500 IGNITE 3 MENS TRAINERS BLACK UK7-BRAND NEW IN BOX]]>
            </line>
            <line>
              <![CDATA[Price: 92.81]]>
            </line>
            <line>
              <![CDATA[Shipping: 590.17]]>
            </line>
            <line>
              <![CDATA[****************************************************************]]>
            </line>
            <line>
              <![CDATA[Name: Puma Purecat Slide Sandals Flip Flops Sports Adults Unisex Beach Navy White]]>
            </line>
            <line>
              <![CDATA[Price: 455.18]]>
            </line>
            <line>
              <![CDATA[Shipping: 251.0]]>
            </line>
            <line>
              <![CDATA[****************************************************************]]>
            </line>
            <line>
              <![CDATA[Name: Puma Basic Flip Czech Republic Bath Amazing Effect Size 37 - 40 CZ Toe Separators Casual Shoes]]>
            </line>
            <line>
              <![CDATA[Price: 371.5]]>
            </line>
            <line>
              <![CDATA[Shipping: 368.15]]>
            </line>
            <line>
              <![CDATA[****************************************************************]]>
            </line>
            <line>
              <![CDATA[
]]>
            </line>
            <line>
              <![CDATA[
****************************************************************]]>
            </line>
            <line>
              <![CDATA[          Results obtained - Order: ASC by name]]>
            </line>
            <line>
              <![CDATA[****************************************************************]]>
            </line>
            <line>
              <![CDATA[Name: PUMA SPEED 500 IGNITE 3 MENS TRAINERS BLACK UK7-BRAND NEW IN BOX]]>
            </line>
            <line>
              <![CDATA[Price: 92.81]]>
            </line>
            <line>
              <![CDATA[Shipping: 590.17]]>
            </line>
            <line>
              <![CDATA[****************************************************************]]>
            </line>
            <line>
              <![CDATA[Name: Puma Aqua Cat II Mens Slider Sliders Red White Flip Flops 102322 04 U83]]>
            </line>
            <line>
              <![CDATA[Price: 249.99]]>
            </line>
            <line>
              <![CDATA[Shipping: 429.07]]>
            </line>
            <line>
              <![CDATA[****************************************************************]]>
            </line>
            <line>
              <![CDATA[Name: Puma Basic Flip Czech Republic Bath Amazing Effect Size 37 - 40 CZ Toe Separators Casual Shoes]]>
            </line>
            <line>
              <![CDATA[Price: 371.5]]>
            </line>
            <line>
              <![CDATA[Shipping: 368.15]]>
            </line>
            <line>
              <![CDATA[****************************************************************]]>
            </line>
            <line>
              <![CDATA[Name: Puma Purecat Slide Sandals Flip Flops Sports Adults Unisex Beach Navy White]]>
            </line>
            <line>
              <![CDATA[Price: 455.18]]>
            </line>
            <line>
              <![CDATA[Shipping: 251.0]]>
            </line>
            <line>
              <![CDATA[****************************************************************]]>
            </line>
            <line>
              <![CDATA[Name: mens puma trainers size 7 new]]>
            </line>
            <line>
              <![CDATA[Price: 337.48]]>
            </line>
            <line>
              <![CDATA[Shipping: 337.48]]>
            </line>
            <line>
              <![CDATA[****************************************************************]]>
            </line>
            <line>
              <![CDATA[
]]>
            </line>
            <line>
              <![CDATA[
****************************************************************]]>
            </line>
            <line>
              <![CDATA[          Results obtained - Order: DSC by total price]]>
            </line>
            <line>
              <![CDATA[****************************************************************]]>
            </line>
            <line>
              <![CDATA[Name: Puma Basic Flip Czech Republic Bath Amazing Effect Size 37 - 40 CZ Toe Separators Casual Shoes]]>
            </line>
            <line>
              <![CDATA[Price: 371.5]]>
            </line>
            <line>
              <![CDATA[Shipping: 368.15]]>
            </line>
            <line>
              <![CDATA[****************************************************************]]>
            </line>
            <line>
              <![CDATA[Name: Puma Purecat Slide Sandals Flip Flops Sports Adults Unisex Beach Navy White]]>
            </line>
            <line>
              <![CDATA[Price: 455.18]]>
            </line>
            <line>
              <![CDATA[Shipping: 251.0]]>
            </line>
            <line>
              <![CDATA[****************************************************************]]>
            </line>
            <line>
              <![CDATA[Name: PUMA SPEED 500 IGNITE 3 MENS TRAINERS BLACK UK7-BRAND NEW IN BOX]]>
            </line>
            <line>
              <![CDATA[Price: 92.81]]>
            </line>
            <line>
              <![CDATA[Shipping: 590.17]]>
            </line>
            <line>
              <![CDATA[****************************************************************]]>
            </line>
            <line>
              <![CDATA[Name: Puma Aqua Cat II Mens Slider Sliders Red White Flip Flops 102322 04 U83]]>
            </line>
            <line>
              <![CDATA[Price: 249.99]]>
            </line>
            <line>
              <![CDATA[Shipping: 429.07]]>
            </line>
            <line>
              <![CDATA[****************************************************************]]>
            </line>
            <line>
              <![CDATA[Name: mens puma trainers size 7 new]]>
            </line>
            <line>
              <![CDATA[Price: 337.48]]>
            </line>
            <line>
              <![CDATA[Shipping: 337.48]]>
            </line>
            <line>
              <![CDATA[****************************************************************]]>
            </line>
            <line>
              <![CDATA[
]]>
            </line>
          </reporter-output>
        </test-method> <!-- pumaShoesFiltering -->
        <test-method status="PASS" signature="closeBrowser()[pri:0, instance:automationExam.tests.EbayTest@353d0772]" name="closeBrowser" is-config="true" duration-ms="41941" started-at="2019-01-18T07:43:23Z" finished-at="2019-01-18T07:44:05Z">
          <reporter-output>
          </reporter-output>
        </test-method> <!-- closeBrowser -->
      </class> <!-- automationExam.tests.EbayTest -->
    </test> <!-- Default test -->
  </suite> <!-- Default suite -->
</testng-results>
